<?xml version="1.0" encoding="UTF-8"?>
<testsuite xmlns:xsi="http://www.w3.org/2001/XMLSchema-instance" xsi:noNamespaceSchemaLocation="https://maven.apache.org/surefire/maven-surefire-plugin/xsd/surefire-test-report-3.0.xsd" version="3.0" name="TestSuite" time="14.038" tests="2" errors="0" skipped="0" failures="0">
  <properties>
    <property name="java.specification.version" value="18"/>
    <property name="sun.jnu.encoding" value="UTF-8"/>
    <property name="java.class.path" value="/Users/jgartland/Projects/Java/java-playwright-practice/target/test-classes:/Users/jgartland/Projects/Java/java-playwright-practice/target/classes:/Users/jgartland/.m2/repository/com/microsoft/playwright/playwright/1.41.0/playwright-1.41.0.jar:/Users/jgartland/.m2/repository/com/google/code/gson/gson/2.8.9/gson-2.8.9.jar:/Users/jgartland/.m2/repository/org/opentest4j/opentest4j/1.2.0/opentest4j-1.2.0.jar:/Users/jgartland/.m2/repository/com/microsoft/playwright/driver/1.41.0/driver-1.41.0.jar:/Users/jgartland/.m2/repository/com/microsoft/playwright/driver-bundle/1.41.0/driver-bundle-1.41.0.jar:/Users/jgartland/.m2/repository/org/testng/testng/7.9.0/testng-7.9.0.jar:/Users/jgartland/.m2/repository/org/slf4j/slf4j-api/1.7.36/slf4j-api-1.7.36.jar:/Users/jgartland/.m2/repository/com/beust/jcommander/1.82/jcommander-1.82.jar:/Users/jgartland/.m2/repository/org/webjars/jquery/3.7.1/jquery-3.7.1.jar:"/>
    <property name="java.vm.vendor" value="Amazon.com Inc."/>
    <property name="sun.arch.data.model" value="64"/>
    <property name="java.vendor.url" value="https://aws.amazon.com/corretto/"/>
    <property name="user.timezone" value="America/New_York"/>
    <property name="os.name" value="Mac OS X"/>
    <property name="java.vm.specification.version" value="18"/>
    <property name="sun.java.launcher" value="SUN_STANDARD"/>
    <property name="user.country" value="US"/>
    <property name="sun.boot.library.path" value="/Users/jgartland/Library/Java/JavaVirtualMachines/corretto-18.0.2/Contents/Home/lib"/>
    <property name="sun.java.command" value="/Users/jgartland/Projects/Java/java-playwright-practice/target/surefire/surefirebooter-20240419211641204_3.jar /Users/jgartland/Projects/Java/java-playwright-practice/target/surefire 2024-04-19T21-16-41_162-jvmRun1 surefire-20240419211641204_1tmp surefire_0-20240419211641204_2tmp"/>
    <property name="http.nonProxyHosts" value="local|*.local|169.254/16|*.169.254/16"/>
    <property name="jdk.debug" value="release"/>
    <property name="surefire.test.class.path" value="/Users/jgartland/Projects/Java/java-playwright-practice/target/test-classes:/Users/jgartland/Projects/Java/java-playwright-practice/target/classes:/Users/jgartland/.m2/repository/com/microsoft/playwright/playwright/1.41.0/playwright-1.41.0.jar:/Users/jgartland/.m2/repository/com/google/code/gson/gson/2.8.9/gson-2.8.9.jar:/Users/jgartland/.m2/repository/org/opentest4j/opentest4j/1.2.0/opentest4j-1.2.0.jar:/Users/jgartland/.m2/repository/com/microsoft/playwright/driver/1.41.0/driver-1.41.0.jar:/Users/jgartland/.m2/repository/com/microsoft/playwright/driver-bundle/1.41.0/driver-bundle-1.41.0.jar:/Users/jgartland/.m2/repository/org/testng/testng/7.9.0/testng-7.9.0.jar:/Users/jgartland/.m2/repository/org/slf4j/slf4j-api/1.7.36/slf4j-api-1.7.36.jar:/Users/jgartland/.m2/repository/com/beust/jcommander/1.82/jcommander-1.82.jar:/Users/jgartland/.m2/repository/org/webjars/jquery/3.7.1/jquery-3.7.1.jar:"/>
    <property name="sun.cpu.endian" value="little"/>
    <property name="user.home" value="/Users/jgartland"/>
    <property name="user.language" value="en"/>
    <property name="java.specification.vendor" value="Oracle Corporation"/>
    <property name="java.version.date" value="2022-07-19"/>
    <property name="java.home" value="/Users/jgartland/Library/Java/JavaVirtualMachines/corretto-18.0.2/Contents/Home"/>
    <property name="file.separator" value="/"/>
    <property name="basedir" value="/Users/jgartland/Projects/Java/java-playwright-practice"/>
    <property name="java.vm.compressedOopsMode" value="Zero based"/>
    <property name="line.separator" value="&#10;"/>
    <property name="java.vm.specification.vendor" value="Oracle Corporation"/>
    <property name="java.specification.name" value="Java Platform API Specification"/>
    <property name="apple.awt.application.name" value="ForkedBooter"/>
    <property name="surefire.real.class.path" value="/Users/jgartland/Projects/Java/java-playwright-practice/target/surefire/surefirebooter-20240419211641204_3.jar"/>
    <property name="sun.management.compiler" value="HotSpot 64-Bit Tiered Compilers"/>
    <property name="ftp.nonProxyHosts" value="local|*.local|169.254/16|*.169.254/16"/>
    <property name="java.runtime.version" value="18.0.2+9-FR"/>
    <property name="user.name" value="jgartland"/>
    <property name="path.separator" value=":"/>
    <property name="os.version" value="14.4.1"/>
    <property name="java.runtime.name" value="OpenJDK Runtime Environment"/>
    <property name="file.encoding" value="UTF-8"/>
    <property name="java.vm.name" value="OpenJDK 64-Bit Server VM"/>
    <property name="java.vendor.version" value="Corretto-18.0.2.9.1"/>
    <property name="localRepository" value="/Users/jgartland/.m2/repository"/>
    <property name="java.vendor.url.bug" value="https://github.com/corretto/corretto-18/issues/"/>
    <property name="java.io.tmpdir" value="/var/folders/f_/3_1c08m96wndpydv3_8rfgxr0000gn/T/"/>
    <property name="idea.version" value="2024.1"/>
    <property name="java.version" value="18.0.2"/>
    <property name="user.dir" value="/Users/jgartland/Projects/Java/java-playwright-practice"/>
    <property name="os.arch" value="aarch64"/>
    <property name="java.vm.specification.name" value="Java Virtual Machine Specification"/>
    <property name="native.encoding" value="UTF-8"/>
    <property name="java.library.path" value="/Users/jgartland/Library/Java/Extensions:/Library/Java/Extensions:/Network/Library/Java/Extensions:/System/Library/Java/Extensions:/usr/lib/java:."/>
    <property name="java.vm.info" value="mixed mode, sharing"/>
    <property name="java.vendor" value="Amazon.com Inc."/>
    <property name="java.vm.version" value="18.0.2+9-FR"/>
    <property name="sun.io.unicode.encoding" value="UnicodeBig"/>
    <property name="socksNonProxyHosts" value="local|*.local|169.254/16|*.169.254/16"/>
    <property name="java.class.version" value="62.0"/>
  </properties>
  <testcase name="testCase1" classname="NewTestngClass" time="0.002">
    <system-out><![CDATA[in test case 1 of NewTestngClass
]]></system-out>
    <system-err><![CDATA[SLF4J: Failed to load class "org.slf4j.impl.StaticLoggerBinder".
SLF4J: Defaulting to no-operation (NOP) logger implementation
SLF4J: See http://www.slf4j.org/codes.html#StaticLoggerBinder for further details.
]]></system-err>
  </testcase>
  <testcase name="testPlaywright" classname="NewTestngClass" time="13.851"/>
</testsuite>