<?xml version="1.0" encoding="UTF-8"?>
<!-- Generated by org.testng.reporters.JUnitReportReporter -->
<testsuite hostname="Jonathans-MacBook-Air.local" failures="0" tests="2" name="NewTestngClass" time="13.853" errors="0" timestamp="2024-04-19T21:16:55 EDT" skipped="0">
  <testcase classname="NewTestngClass" name="testPlaywright" time="13.851"/>
  <testcase classname="NewTestngClass" name="testCase1" time="0.002"/>
</testsuite> <!-- NewTestngClass -->
